matrix-playback: matrixio_playback_open
matrix-playback: matrixio_flush
matrix-playback: matrixio_headphone
matrix-playback: matrixio_set_volumen
matrix-playback: thread_pcm_playback
matrix-playback: going DOWN
matrix-playback: going DOWN
matrix-playback: matrixio_playback_hw_params
 *** BIT TIME 492
matrix-playback: matrixio_playback_prepare
matrix-playback: matrixio_playback_copy
copy, pos:0 bytes:8000
  FIFO len: 0
  FIFO len: 0
  FIFO len: 102
  returned: 0
  copied:   100
matrix-playback: UP 
matrix-playback: matrixio_fifo_status
matrix-playback: matrixio_playback_copy
copy, pos:8000 bytes:8000
  FIFO len: 102
  FIFO len: 0
  FIFO len: 102
  returned: 0
  copied:   100
matrix-playback: UP 
 len/size 102/32768
 fifo_status 4096
 period 62
 +++++++++++1
matrix-playback: matrixio_playback_copy
copy, pos:16000 bytes:8000
  FIFO len: 102
  FIFO len: 0
  FIFO len: 102
  returned: 0
  copied:   100
matrix-playback: UP 
matrix-playback: matrixio_playback_copy
copy, pos:24000 bytes:8000
  FIFO len: 102
  FIFO len: 0
  FIFO len: 102
  returned: 0
  copied:   100
matrix-playback: UP 
matrix-playback: matrixio_playback_pointer
 pointer, pos=0
matrix-playback: matrixio_playback_copy
copy, pos:0 bytes:408
  FIFO len: 102
  FIFO len: 0
  FIFO len: 102
  returned: 0
  copied:   100
matrix-playback: UP 
 +++++++++++2
 -----------3
matrix-playback: matrixio_fifo_status
 fifo_status2 488
matrix-playback: matrixio_playback_pointer
 pointer, pos=1024
matrix-playback: going DOWN
matrix-playback: matrixio_playback_copy
copy, pos:408 bytes:7592
  FIFO len: 0
  FIFO len: 0
  FIFO len: 102
  returned: 0
  copied:   100
matrix-playback: UP 
matrix-playback: matrixio_playback_pointer
 pointer, pos=1024
matrix-playback: matrixio_playback_copy
copy, pos:8000 bytes:8000
  FIFO len: 102
  FIFO len: 0
  FIFO len: 102
  returned: 0
  copied:   100
matrix-playback: UP 
matrix-playback: matrixio_playback_pointer
 pointer, pos=1024
matrix-playback: matrixio_playback_copy
copy, pos:16000 bytes:8000
  FIFO len: 102
  FIFO len: 0
  FIFO len: 102
  returned: 0
  copied:   100
matrix-playback: UP 
matrix-playback: matrixio_playback_pointer
 pointer, pos=1024
matrix-playback: matrixio_playback_copy
copy, pos:24000 bytes:8000
  FIFO len: 102
  FIFO len: 0
  FIFO len: 102
  returned: 0
  copied:   100
matrix-playback: UP 
matrix-playback: matrixio_playback_pointer
 pointer, pos=1024
matrix-playback: matrixio_playback_copy
copy, pos:0 bytes:408
  FIFO len: 102
  FIFO len: 0
  FIFO len: 102
  returned: 0
  copied:   100
matrix-playback: UP 
matrix-playback: matrixio_fifo_status
 len/size 102/32768
 fifo_status 454
 period 62
 +++++++++++1
 +++++++++++2
 -----------3
matrix-playback: matrixio_fifo_status
 fifo_status2 940
matrix-playback: matrixio_playback_pointer
 pointer, pos=2048
matrix-playback: going DOWN
matrix-playback: matrixio_playback_copy
copy, pos:408 bytes:7592
  FIFO len: 0
  FIFO len: 0
  FIFO len: 102
  returned: 0
  copied:   100
matrix-playback: UP 
matrix-playback: matrixio_playback_pointer
 pointer, pos=2048
matrix-playback: matrixio_playback_copy
copy, pos:8000 bytes:8000
  FIFO len: 102
  FIFO len: 0
  FIFO len: 102
  returned: 0
  copied:   100
matrix-playback: UP 
matrix-playback: matrixio_playback_pointer
 pointer, pos=2048
matrix-playback: matrixio_playback_copy
copy, pos:16000 bytes:8000
  FIFO len: 102
  FIFO len: 0
  FIFO len: 102
  returned: 0
  copied:   100
matrix-playback: UP 
matrix-playback: matrixio_playback_pointer
 pointer, pos=2048
matrix-playback: matrixio_playback_copy
copy, pos:24000 bytes:8000
  FIFO len: 102
  FIFO len: 0
  FIFO len: 102
  returned: 0
  copied:   100
matrix-playback: UP 
matrix-playback: matrixio_playback_pointer
 pointer, pos=2048
matrix-playback: matrixio_playback_copy
copy, pos:0 bytes:408
  FIFO len: 102
  FIFO len: 0
  FIFO len: 102
  returned: 0
  copied:   100
matrix-playback: UP 
matrix-playback: matrixio_fifo_status
 len/size 102/32768
 fifo_status 906
 period 62
 +++++++++++1
 +++++++++++2
 -----------3
matrix-playback: matrixio_fifo_status
 fifo_status2 1394
matrix-playback: matrixio_playback_pointer
 pointer, pos=3072
matrix-playback: going DOWN
matrix-playback: matrixio_playback_copy
copy, pos:408 bytes:7592
  FIFO len: 0
  FIFO len: 0
  FIFO len: 102
  returned: 0
  copied:   100
matrix-playback: UP 
matrix-playback: matrixio_playback_pointer
 pointer, pos=3072
matrix-playback: matrixio_playback_copy
copy, pos:8000 bytes:8000
  FIFO len: 102
  FIFO len: 0
  FIFO len: 102
  returned: 0
  copied:   100
matrix-playback: UP 
matrix-playback: matrixio_fifo_status
 len/size 102/32768
 fifo_status 1360
 period 62
 +++++++++++1
 +++++++++++2
 -----------3
matrix-playback: matrixio_fifo_status
 fifo_status2 1848
matrix-playback: matrixio_playback_pointer
 pointer, pos=4096
matrix-playback: going DOWN
matrix-playback: matrixio_fifo_status
 len/size 0/32768
 fifo_status 1814
 period 62
matrix-playback: going DOWN
matrix-playback: matrixio_playback_prepare
matrix-playback: matrixio_playback_copy
copy, pos:0 bytes:8000
  FIFO len: 0
  FIFO len: 0
  FIFO len: 102
  returned: 0
  copied:   100
matrix-playback: UP 
matrix-playback: matrixio_playback_copy
copy, pos:8000 bytes:8000
  FIFO len: 102
  FIFO len: 0
  FIFO len: 102
  returned: 0
  copied:   100
matrix-playback: UP 
matrix-playback: matrixio_playback_copy
copy, pos:16000 bytes:8000
  FIFO len: 102
  FIFO len: 0
  FIFO len: 102
  returned: 0
  copied:   100
matrix-playback: UP 
matrix-playback: matrixio_playback_copy
copy, pos:24000 bytes:8000
  FIFO len: 102
  FIFO len: 0
  FIFO len: 102
  returned: 0
  copied:   100
matrix-playback: UP 
matrix-playback: matrixio_playback_pointer
 pointer, pos=0
matrix-playback: matrixio_playback_copy
copy, pos:0 bytes:408
  FIFO len: 102
  FIFO len: 0
  FIFO len: 102
  returned: 0
  copied:   100
matrix-playback: UP 
matrix-playback: matrixio_fifo_status
 len/size 102/32768
 fifo_status 1778
 period 62
 +++++++++++1
 +++++++++++2
 -----------3
matrix-playback: matrixio_fifo_status
 fifo_status2 2264
matrix-playback: matrixio_playback_pointer
 pointer, pos=1024
matrix-playback: going DOWN
matrix-playback: matrixio_fifo_status
 len/size 0/32768
 fifo_status 2228
 period 62
matrix-playback: going DOWN
matrix-playback: matrixio_fifo_status
 len/size 0/32768
 fifo_status 2194
 period 62
matrix-playback: going DOWN
matrix-playback: matrixio_fifo_status
 len/size 0/32768
 fifo_status 2158
 period 62
matrix-playback: going DOWN
matrix-playback: matrixio_fifo_status
 len/size 0/32768
 fifo_status 2124
 period 62
matrix-playback: going DOWN
matrix-playback: matrixio_fifo_status
 len/size 0/32768
 fifo_status 2090
 period 62
matrix-playback: going DOWN
matrix-playback: matrixio_fifo_status
 len/size 0/32768
 fifo_status 2054
 period 62
matrix-playback: going DOWN
matrix-playback: matrixio_fifo_status
 len/size 0/32768
 fifo_status 2020
 period 62
matrix-playback: going DOWN
matrix-playback: matrixio_fifo_status
 len/size 0/32768
 fifo_status 1986
 period 62
matrix-playback: going DOWN
matrix-playback: matrixio_playback_copy
copy, pos:408 bytes:7592
  FIFO len: 0
  FIFO len: 0
  FIFO len: 102
  returned: 0
  copied:   100
matrix-playback: UP 
matrix-playback: matrixio_playback_pointer
 pointer, pos=1024
matrix-playback: matrixio_playback_copy
copy, pos:8000 bytes:8000
  FIFO len: 102
  FIFO len: 0
  FIFO len: 102
  returned: 0
  copied:   100
matrix-playback: UP 
matrix-playback: matrixio_playback_pointer
 pointer, pos=1024
matrix-playback: matrixio_fifo_status
matrix-playback: matrixio_playback_copy
copy, pos:16000 bytes:8000
  FIFO len: 102
  FIFO len: 0
